

Lecture 1


Class site:
http://www-bcf.usc.edu/~saty/run.html#!index.md

http://www-bcf.usc.edu/~saty/edu/courses/CS580/f14/home/index.html

Rendering : reconstructing an image, synthesize an image OR think of it as a software camera.

6 homeworks.

Use any of the following languages:
  C++/Javascript/Processing.
  C++ outputs a ppm file.

Prof:
  saty@usc.edu || satychary@gmail.com

  Desire2Learn


Good News(?): 4-5 person term project :(

Finals: Dec 11th

Grading: 

  Homeworks : 5 * 8 = 40
  Project   :       = 40
  Final     :       = 20


HW1: http://www-bcf.usc.edu/~saty/edu/courses/CS580/f14/hw/overview.html

intro.ppt
